2022-02-25 17:10:51,548:INFO:discord.client: logging in using static token
2022-02-25 17:10:52,816:DEBUG:discord.http: GET https://discord.com/api/v7/users/@me with None has returned 200
2022-02-25 17:10:52,817:DEBUG:discord.http: GET https://discord.com/api/v7/users/@me has received {'id': '945040813564502136', 'username': 'BOTester', 'avatar': None, 'discriminator': '7770', 'public_flags': 0, 'flags': 0, 'bot': True, 'banner': None, 'banner_color': None, 'accent_color': None, 'bio': '', 'locale': 'en-US', 'mfa_enabled': True, 'email': None, 'verified': True}
2022-02-25 17:10:52,850:DEBUG:discord.http: GET https://discord.com/api/v7/gateway with None has returned 200
2022-02-25 17:10:52,850:DEBUG:discord.http: GET https://discord.com/api/v7/gateway has received {'url': 'wss://gateway.discord.gg'}
2022-02-25 17:10:53,460:DEBUG:discord.gateway: Created websocket connected to wss://gateway.discord.gg?encoding=json&v=6&compress=zlib-stream
2022-02-25 17:10:53,460:DEBUG:discord.client: Dispatching event socket_raw_receive
2022-02-25 17:10:53,460:DEBUG:discord.gateway: For Shard ID None: WebSocket Event: {'t': None, 's': None, 'op': 10, 'd': {'heartbeat_interval': 41250, '_trace': ['["gateway-prd-main-z458",{"micros":0.0}]']}}
2022-02-25 17:10:53,461:DEBUG:discord.client: Dispatching event socket_response
2022-02-25 17:10:53,461:DEBUG:discord.client: Dispatching event socket_raw_send
2022-02-25 17:10:53,462:DEBUG:discord.client: Dispatching event socket_raw_send
2022-02-25 17:10:53,462:INFO:discord.gateway: Shard ID None has sent the IDENTIFY payload.
2022-02-25 17:10:53,646:DEBUG:discord.client: Dispatching event socket_raw_receive
2022-02-25 17:10:53,646:DEBUG:discord.gateway: For Shard ID None: WebSocket Event: {'t': None, 's': None, 'op': 11, 'd': None}
2022-02-25 17:10:53,646:DEBUG:discord.client: Dispatching event socket_response
2022-02-25 17:10:53,870:DEBUG:discord.client: Dispatching event socket_raw_receive
2022-02-25 17:10:53,870:DEBUG:discord.gateway: For Shard ID None: WebSocket Event: {'t': 'READY', 's': 1, 'op': 0, 'd': {'v': 6, 'user_settings': {}, 'user': {'verified': True, 'username': 'BOTester', 'mfa_enabled': True, 'id': '945040813564502136', 'flags': 0, 'email': None, 'discriminator': '7770', 'bot': True, 'avatar': None}, 'session_id': 'a0e5f5e7e4d0944f6c82a7e4040ac9b0', 'relationships': [], 'private_channels': [], 'presences': [], 'guilds': [{'unavailable': True, 'id': '908354114801508393'}], 'guild_join_requests': [], 'geo_ordered_rtc_regions': ['brazil', 'buenos-aires', 'santiago', 'madrid', 'us-east'], 'application': {'id': '945040813564502136', 'flags': 303104}, '_trace': ['["gateway-prd-main-z458",{"micros":138413,"calls":["discord-sessions-green-prd-2-45",{"micros":137561,"calls":["start_session",{"micros":123695,"calls":["api-prd-main-f3cl",{"micros":120931,"calls":["get_user",{"micros":8547},"add_authorized_ip",{"micros":9704},"get_guilds",{"micros":18269},"coros_wait",{"micros":1}]}]},"guilds_connect",{"micros":2,"calls":[]},"presence_connect",{"micros":4992,"calls":[]}]}]}]']}}
2022-02-25 17:10:53,870:DEBUG:discord.client: Dispatching event socket_response
2022-02-25 17:10:53,870:INFO:discord.gateway: Shard ID None has connected to Gateway: ["gateway-prd-main-z458",{"micros":138413,"calls":["discord-sessions-green-prd-2-45",{"micros":137561,"calls":["start_session",{"micros":123695,"calls":["api-prd-main-f3cl",{"micros":120931,"calls":["get_user",{"micros":8547},"add_authorized_ip",{"micros":9704},"get_guilds",{"micros":18269},"coros_wait",{"micros":1}]}]},"guilds_connect",{"micros":2,"calls":[]},"presence_connect",{"micros":4992,"calls":[]}]}]}] (Session ID: a0e5f5e7e4d0944f6c82a7e4040ac9b0).
2022-02-25 17:10:53,887:DEBUG:discord.client: Dispatching event connect
2022-02-25 17:10:53,888:DEBUG:discord.client: Dispatching event socket_raw_receive
2022-02-25 17:10:53,888:DEBUG:discord.gateway: For Shard ID None: WebSocket Event: {'t': 'GUILD_CREATE', 's': 2, 'op': 0, 'd': {'system_channel_id': '908354115342589975', 'stage_instances': [], 'name': 'BOTESTER', 'rules_channel_id': None, 'hub_type': None, 'application_id': None, 'region': 'deprecated', 'explicit_content_filter': 0, 'premium_subscription_count': 0, 'afk_timeout': 300, 'channels': [{'type': 4, 'position': 0, 'permission_overwrites': [], 'name': 'Canais de Texto', 'id': '908354115342589973'}, {'type': 4, 'position': 0, 'permission_overwrites': [], 'name': 'Canais de Voz', 'id': '908354115342589974'}, {'type': 0, 'topic': None, 'rate_limit_per_user': 0, 'position': 0, 'permission_overwrites': [], 'parent_id': '908354115342589973', 'name': 'geral', 'last_message_id': '946859224779087902', 'id': '908354115342589975'}, {'user_limit': 0, 'type': 2, 'rtc_region': None, 'rate_limit_per_user': 0, 'position': 0, 'permission_overwrites': [], 'parent_id': '908354115342589974', 'name': 'Geral', 'last_message_id': None, 'id': '908354115342589976', 'bitrate': 64000}, {'type': 0, 'topic': None, 'rate_limit_per_user': 0, 'position': 1, 'permission_overwrites': [], 'parent_id': '908354115342589973', 'name': 'mudar-nick', 'last_message_id': '928111237278072843', 'id': '927634279054311424'}, {'type': 4, 'position': 1, 'permission_overwrites': [], 'name': 'Tickets', 'id': '927999773712187423'}, {'type': 0, 'topic': None, 'rate_limit_per_user': 0, 'position': 2, 'permission_overwrites': [], 'parent_id': '927999773712187423', 'name': 'ticket-suporte', 'last_message_id': '928111897885175880', 'id': '928104242798030858'}, {'type': 0, 'topic': None, 'rate_limit_per_user': 0, 'position': 3, 'permission_overwrites': [], 'parent_id': '908354115342589973', 'name': 'tfteste', 'last_message_id': '946849926824984577', 'id': '928136271816163368'}, {'type': 0, 'topic': None, 'rate_limit_per_user': 0, 'position': 4, 'permission_overwrites': [], 'parent_id': '908354115342589973', 'nsfw': False, 'name': 'insc-tournament', 'last_message_id': '946859059385073764', 'id': '945467026682548295'}], 'lazy': True, 'application_command_count': 0, 'discovery_splash': None, 'presences': [{'user': {'id': '126889537409515521'}, 'status': 'online', 'game': {'type': 0, 'timestamps': {'start': 1645815682973}, 'session_id': None, 'name': 'VALORANT', 'id': '80d6e3aaa944f127', 'created_at': 1645815683538, 'application_id': '700136079562375258'}, 'client_status': {'desktop': 'online'}, 'activities': [{'type': 0, 'timestamps': {'start': 1645815682973}, 'name': 'VALORANT', 'id': '80d6e3aaa944f127', 'created_at': 1645815683538, 'application_id': '700136079562375258'}]}, {'user': {'id': '249753950553636874'}, 'status': 'dnd', 'game': None, 'client_status': {'web': 'dnd'}, 'activities': []}, {'user': {'id': '927633649250234468'}, 'status': 'online', 'game': None, 'client_status': {'web': 'online'}, 'activities': []}, {'user': {'id': '945040813564502136'}, 'status': 'online', 'game': None, 'client_status': {'web': 'online'}, 'activities': []}], 'verification_level': 0, 'features': [], 'embedded_activities': [], 'member_count': 7, 'large': False, 'system_channel_flags': 0, 'unavailable': False, 'premium_tier': 0, 'description': None, 'voice_states': [], 'default_message_notifications': 0, 'threads': [], 'nsfw_level': 0, 'max_members': 500000, 'public_updates_channel_id': None, 'application_command_counts': {'3': 0, '2': 0, '1': 0}, 'guild_hashes': {'version': 1, 'roles': {'omitted': False, 'hash': 'ShP52seWyyc'}, 'metadata': {'omitted': False, 'hash': '8Jcl9msUeMQ'}, 'channels': {'omitted': False, 'hash': 'lcmTXXNUd2I'}}, 'joined_at': '2022-02-20T19:40:21.826895+00:00', 'splash': None, 'id': '908354114801508393', 'premium_progress_bar_enabled': False, 'roles': [{'unicode_emoji': None, 'position': 0, 'permissions_new': '1071698660929', 'permissions': 104320577, 'name': '@everyone', 'mentionable': False, 'managed': False, 'id': '908354114801508393', 'icon': None, 'hoist': False, 'color': 0}, {'unicode_emoji': None, 'tags': {'bot_id': '927633649250234468'}, 'position': 2, 'permissions_new': '8', 'permissions': 8, 'name': 'Mago', 'mentionable': False, 'managed': True, 'id': '927664633060413492', 'icon': None, 'hoist': False, 'color': 0}, {'unicode_emoji': None, 'position': 1, 'permissions_new': '1071698660937', 'permissions': 104320585, 'name': 'Admin', 'mentionable': False, 'managed': False, 'id': '928064857457197066', 'icon': None, 'hoist': False, 'color': 0}, {'unicode_emoji': None, 'tags': {'bot_id': '945040813564502136'}, 'position': 1, 'permissions_new': '8', 'permissions': 8, 'name': 'BOTester', 'mentionable': False, 'managed': True, 'id': '945042213698686979', 'icon': None, 'hoist': False, 'color': 0}], 'stickers': [], 'nsfw': False, 'owner_id': '249753950553636874', 'icon': None, 'vanity_url_code': None, 'max_video_channel_users': 25, 'afk_channel_id': None, 'banner': None, 'emojis': [], 'preferred_locale': 'en-US', 'members': [{'user': {'username': 'LeS Ocirep12', 'id': '126889537409515521', 'discriminator': '7684', 'avatar': '6fbe34e2590d0bad8fc81c151bde6985'}, 'roles': [], 'mute': False, 'joined_at': '2022-01-03T21:10:47.393000+00:00', 'hoisted_role': None, 'deaf': False}, {'user': {'username': 'Abaianado', 'id': '249753950553636874', 'discriminator': '6508', 'avatar': 'd27828d45875fe4e4f08a3d0324c4ed8'}, 'roles': [], 'mute': False, 'joined_at': '2021-11-11T13:54:57.477000+00:00', 'hoisted_role': None, 'deaf': False}, {'user': {'username': 'LeS XRangerX', 'id': '307697990456311830', 'discriminator': '6286', 'avatar': 'd078ea6e880a287dca984e3dbe0b73e3'}, 'roles': ['928064857457197066'], 'mute': False, 'joined_at': '2022-01-05T02:20:20.332000+00:00', 'hoisted_role': None, 'deaf': False}, {'user': {'username': 'Testador de Bot', 'id': '908351809062588416', 'discriminator': '9561', 'avatar': None}, 'roles': [], 'mute': False, 'joined_at': '2022-01-03T20:51:27.823000+00:00', 'hoisted_role': None, 'deaf': False}, {'user': {'username': 'Mystra', 'public_flags': 0, 'id': '908352934797000755', 'discriminator': '4804', 'bot': True, 'avatar': None}, 'roles': [], 'mute': False, 'joined_at': '2021-11-11T13:56:09.036000+00:00', 'hoisted_role': None, 'deaf': False}, {'user': {'username': 'Mago Bot', 'public_flags': 0, 'id': '927633649250234468', 'discriminator': '0885', 'bot': True, 'avatar': '00d331042137eae800e28d0d7a54df48'}, 'roles': ['927664633060413492'], 'mute': False, 'joined_at': '2022-01-03T20:48:03.769000+00:00', 'hoisted_role': None, 'deaf': False}, {'user': {'username': 'BOTester', 'id': '945040813564502136', 'discriminator': '7770', 'bot': True, 'avatar': None}, 'roles': ['945042213698686979'], 'premium_since': None, 'pending': False, 'nick': None, 'mute': False, 'joined_at': '2022-02-20T19:40:21.826895+00:00', 'hoisted_role': None, 'deaf': False, 'communication_disabled_until': None, 'avatar': None}], 'guild_scheduled_events': [], 'mfa_level': 0}}
2022-02-25 17:10:53,888:DEBUG:discord.client: Dispatching event socket_response
2022-02-25 17:10:53,889:DEBUG:discord.client: Dispatching event guild_available
2022-02-25 17:10:55,891:DEBUG:discord.client: Dispatching event ready
2022-02-25 17:11:34,712:DEBUG:discord.gateway: Keeping shard ID None websocket alive with sequence 2.
2022-02-25 17:11:35,180:DEBUG:discord.client: Dispatching event socket_raw_receive
2022-02-25 17:11:35,181:DEBUG:discord.gateway: For Shard ID None: WebSocket Event: {'t': None, 's': None, 'op': 11, 'd': None}
2022-02-25 17:11:35,181:DEBUG:discord.client: Dispatching event socket_response
2022-02-25 17:12:15,965:DEBUG:discord.gateway: Keeping shard ID None websocket alive with sequence 2.
2022-02-25 17:12:16,147:DEBUG:discord.client: Dispatching event socket_raw_receive
2022-02-25 17:12:16,147:DEBUG:discord.gateway: For Shard ID None: WebSocket Event: {'t': None, 's': None, 'op': 11, 'd': None}
2022-02-25 17:12:16,147:DEBUG:discord.client: Dispatching event socket_response
2022-02-25 17:12:57,216:DEBUG:discord.gateway: Keeping shard ID None websocket alive with sequence 2.
2022-02-25 17:12:57,398:DEBUG:discord.client: Dispatching event socket_raw_receive
2022-02-25 17:12:57,399:DEBUG:discord.gateway: For Shard ID None: WebSocket Event: {'t': None, 's': None, 'op': 11, 'd': None}
2022-02-25 17:12:57,399:DEBUG:discord.client: Dispatching event socket_response
2022-02-25 17:13:36,868:DEBUG:discord.client: Dispatching event socket_raw_receive
2022-02-25 17:13:36,868:DEBUG:discord.gateway: For Shard ID None: WebSocket Event: {'t': 'MESSAGE_CREATE', 's': 3, 'op': 0, 'd': {'type': 0, 'tts': False, 'timestamp': '2022-02-25T20:13:36.760000+00:00', 'referenced_message': None, 'pinned': False, 'nonce': '946862519916429312', 'mentions': [], 'mention_roles': [], 'mention_everyone': False, 'member': {'roles': [], 'mute': False, 'joined_at': '2021-11-11T13:54:57.477000+00:00', 'hoisted_role': None, 'deaf': False}, 'id': '946862520575070268', 'flags': 0, 'embeds': [], 'edited_timestamp': None, 'content': '#help', 'components': [], 'channel_id': '908354115342589975', 'author': {'username': 'Abaianado', 'public_flags': 0, 'id': '249753950553636874', 'discriminator': '6508', 'avatar': 'd27828d45875fe4e4f08a3d0324c4ed8'}, 'attachments': [], 'guild_id': '908354114801508393'}}
2022-02-25 17:13:36,869:DEBUG:discord.client: Dispatching event socket_response
2022-02-25 17:13:36,869:DEBUG:discord.client: Dispatching event message
2022-02-25 17:13:36,869:DEBUG:discord.client: Dispatching event command
2022-02-25 17:13:37,741:DEBUG:discord.client: Dispatching event socket_raw_receive
2022-02-25 17:13:37,741:DEBUG:discord.gateway: For Shard ID None: WebSocket Event: {'t': 'MESSAGE_CREATE', 's': 4, 'op': 0, 'd': {'type': 0, 'tts': False, 'timestamp': '2022-02-25T20:13:37.488000+00:00', 'referenced_message': None, 'pinned': False, 'mentions': [], 'mention_roles': [], 'mention_everyone': False, 'member': {'roles': ['945042213698686979'], 'premium_since': None, 'pending': False, 'nick': None, 'mute': False, 'joined_at': '2022-02-20T19:40:21.826895+00:00', 'hoisted_role': None, 'deaf': False, 'communication_disabled_until': None, 'avatar': None}, 'id': '946862523628552283', 'flags': 0, 'embeds': [], 'edited_timestamp': None, 'content': '```\nLendas e-Sports Bot\n\nNickChange:\n  nick   Create a nick change channel\nTicket:\n  close  Close a ticket\n  ticket Create a ticket message inside a channel\nTournament:\n  start  Start a Tournament\n  t4v4   Create a TFT 4v4 Tournament\n\u200bNo Category:\n  help   Shows this message\n\nType #help command for more info on a command.\nYou can also type #help category for more info on a category.\n```', 'components': [], 'channel_id': '908354115342589975', 'author': {'username': 'BOTester', 'public_flags': 0, 'id': '945040813564502136', 'discriminator': '7770', 'bot': True, 'avatar': None}, 'attachments': [], 'guild_id': '908354114801508393'}}
2022-02-25 17:13:37,742:DEBUG:discord.client: Dispatching event socket_response
2022-02-25 17:13:37,742:DEBUG:discord.client: Dispatching event message
2022-02-25 17:13:37,744:DEBUG:discord.http: POST https://discord.com/api/v7/channels/908354115342589975/messages with {"content":"```\nLendas e-Sports Bot\n\nNickChange:\n  nick   Create a nick change channel\nTicket:\n  close  Close a ticket\n  ticket Create a ticket message inside a channel\nTournament:\n  start  Start a Tournament\n  t4v4   Create a TFT 4v4 Tournament\n\u200bNo Category:\n  help   Shows this message\n\nType #help command for more info on a command.\nYou can also type #help category for more info on a category.\n```"} has returned 200
2022-02-25 17:13:37,745:DEBUG:discord.http: POST https://discord.com/api/v7/channels/908354115342589975/messages has received {'id': '946862523628552283', 'type': 0, 'content': '```\nLendas e-Sports Bot\n\nNickChange:\n  nick   Create a nick change channel\nTicket:\n  close  Close a ticket\n  ticket Create a ticket message inside a channel\nTournament:\n  start  Start a Tournament\n  t4v4   Create a TFT 4v4 Tournament\n\u200bNo Category:\n  help   Shows this message\n\nType #help command for more info on a command.\nYou can also type #help category for more info on a category.\n```', 'channel_id': '908354115342589975', 'author': {'id': '945040813564502136', 'username': 'BOTester', 'avatar': None, 'discriminator': '7770', 'public_flags': 0, 'bot': True}, 'attachments': [], 'embeds': [], 'mentions': [], 'mention_roles': [], 'pinned': False, 'mention_everyone': False, 'tts': False, 'timestamp': '2022-02-25T20:13:37.488000+00:00', 'edited_timestamp': None, 'flags': 0, 'components': [], 'referenced_message': None}
2022-02-25 17:13:37,745:DEBUG:discord.client: Dispatching event command_completion
2022-02-25 17:13:38,467:DEBUG:discord.gateway: Keeping shard ID None websocket alive with sequence 4.
2022-02-25 17:13:38,875:DEBUG:discord.client: Dispatching event socket_raw_receive
2022-02-25 17:13:38,876:DEBUG:discord.gateway: For Shard ID None: WebSocket Event: {'t': None, 's': None, 'op': 11, 'd': None}
2022-02-25 17:13:38,876:DEBUG:discord.client: Dispatching event socket_response
2022-02-25 17:14:19,718:DEBUG:discord.gateway: Keeping shard ID None websocket alive with sequence 4.
2022-02-25 17:14:19,901:DEBUG:discord.client: Dispatching event socket_raw_receive
2022-02-25 17:14:19,901:DEBUG:discord.gateway: For Shard ID None: WebSocket Event: {'t': None, 's': None, 'op': 11, 'd': None}
2022-02-25 17:14:19,901:DEBUG:discord.client: Dispatching event socket_response
2022-02-25 17:14:31,770:DEBUG:discord.client: Dispatching event socket_raw_receive
2022-02-25 17:14:31,770:DEBUG:discord.gateway: For Shard ID None: WebSocket Event: {'t': 'PRESENCE_UPDATE', 's': 5, 'op': 0, 'd': {'user': {'username': 'LeS XRangerX', 'id': '307697990456311830', 'discriminator': '6286', 'avatar': 'd078ea6e880a287dca984e3dbe0b73e3'}, 'status': 'online', 'roles': ['928064857457197066'], 'guild_id': '908354114801508393', 'game': None, 'client_status': {'mobile': 'online'}, 'activities': []}}
2022-02-25 17:14:31,770:DEBUG:discord.client: Dispatching event socket_response
2022-02-25 17:14:31,770:DEBUG:discord.client: Dispatching event member_update
2022-02-25 17:14:32,993:DEBUG:discord.client: Dispatching event socket_raw_receive
2022-02-25 17:14:32,994:DEBUG:discord.gateway: For Shard ID None: WebSocket Event: {'t': 'PRESENCE_UPDATE', 's': 6, 'op': 0, 'd': {'user': {'id': '307697990456311830'}, 'status': 'online', 'roles': ['928064857457197066'], 'guild_id': '908354114801508393', 'game': {'type': 4, 'state': 'Não respondo PV', 'session_id': None, 'name': 'Custom Status', 'id': 'custom', 'created_at': 1645820072682}, 'client_status': {'mobile': 'online'}, 'activities': [{'type': 4, 'state': 'Não respondo PV', 'name': 'Custom Status', 'id': 'custom', 'created_at': 1645820072682}]}}
2022-02-25 17:14:32,994:DEBUG:discord.client: Dispatching event socket_response
2022-02-25 17:14:32,994:DEBUG:discord.client: Dispatching event member_update
2022-02-25 17:14:32,998:DEBUG:discord.client: Dispatching event socket_raw_receive
2022-02-25 17:14:32,999:DEBUG:discord.gateway: For Shard ID None: WebSocket Event: {'t': 'GUILD_MEMBER_UPDATE', 's': 7, 'op': 0, 'd': {'user': {'username': 'BOTester', 'public_flags': 0, 'id': '945040813564502136', 'discriminator': '7770', 'bot': True, 'avatar': None}, 'roles': ['945042213698686979'], 'premium_since': None, 'pending': False, 'nick': None, 'mute': False, 'joined_at': '2022-02-20T19:40:21.826895+00:00', 'hoisted_role': None, 'guild_id': '908354114801508393', 'deaf': False, 'communication_disabled_until': None, 'avatar': None}}
2022-02-25 17:14:32,999:DEBUG:discord.client: Dispatching event socket_response
2022-02-25 17:14:32,999:DEBUG:discord.client: Dispatching event member_update
2022-02-25 17:15:00,970:DEBUG:discord.gateway: Keeping shard ID None websocket alive with sequence 7.
2022-02-25 17:15:01,266:DEBUG:discord.client: Dispatching event socket_raw_receive
2022-02-25 17:15:01,266:DEBUG:discord.gateway: For Shard ID None: WebSocket Event: {'t': None, 's': None, 'op': 11, 'd': None}
2022-02-25 17:15:01,266:DEBUG:discord.client: Dispatching event socket_response
2022-02-25 17:15:42,220:DEBUG:discord.gateway: Keeping shard ID None websocket alive with sequence 7.
2022-02-25 17:15:42,409:DEBUG:discord.client: Dispatching event socket_raw_receive
2022-02-25 17:15:42,409:DEBUG:discord.gateway: For Shard ID None: WebSocket Event: {'t': None, 's': None, 'op': 11, 'd': None}
2022-02-25 17:15:42,409:DEBUG:discord.client: Dispatching event socket_response
2022-02-25 17:16:23,472:DEBUG:discord.gateway: Keeping shard ID None websocket alive with sequence 7.
2022-02-25 17:16:23,658:DEBUG:discord.client: Dispatching event socket_raw_receive
2022-02-25 17:16:23,658:DEBUG:discord.gateway: For Shard ID None: WebSocket Event: {'t': None, 's': None, 'op': 11, 'd': None}
2022-02-25 17:16:23,658:DEBUG:discord.client: Dispatching event socket_response
2022-02-25 17:16:31,854:DEBUG:discord.client: Dispatching event socket_raw_receive
2022-02-25 17:16:31,854:DEBUG:discord.gateway: For Shard ID None: WebSocket Event: {'t': 'PRESENCE_UPDATE', 's': 8, 'op': 0, 'd': {'user': {'id': '307697990456311830'}, 'status': 'offline', 'roles': ['928064857457197066'], 'guild_id': '908354114801508393', 'game': None, 'client_status': {}, 'activities': []}}
2022-02-25 17:16:31,854:DEBUG:discord.client: Dispatching event socket_response
2022-02-25 17:16:31,855:DEBUG:discord.client: Dispatching event member_update
2022-02-25 17:16:32,449:DEBUG:discord.client: Dispatching event socket_raw_receive
2022-02-25 17:16:32,450:DEBUG:discord.gateway: For Shard ID None: WebSocket Event: {'t': 'PRESENCE_UPDATE', 's': 9, 'op': 0, 'd': {'user': {'id': '126889537409515521'}, 'status': 'online', 'roles': [], 'guild_id': '908354114801508393', 'game': None, 'client_status': {'desktop': 'online'}, 'activities': []}}
2022-02-25 17:16:32,450:DEBUG:discord.client: Dispatching event socket_response
2022-02-25 17:16:32,450:DEBUG:discord.client: Dispatching event member_update
2022-02-25 17:17:04,725:DEBUG:discord.gateway: Keeping shard ID None websocket alive with sequence 9.
2022-02-25 17:17:04,968:DEBUG:discord.client: Dispatching event socket_raw_receive
2022-02-25 17:17:04,968:DEBUG:discord.gateway: For Shard ID None: WebSocket Event: {'t': None, 's': None, 'op': 11, 'd': None}
2022-02-25 17:17:04,968:DEBUG:discord.client: Dispatching event socket_response
